<?xml version="1.0" encoding="UTF-8"?>
<!-- Generated by org.testng.reporters.JUnitReportReporter -->
<testsuite hostname="DESKTOP-N2PRSIL" failures="0" tests="1" name="testCases.TC_002_LoginTest" time="1.283" errors="0" timestamp="2025-03-04T16:37:26 IST" skipped="0">
  <testcase classname="testCases.TC_002_LoginTest" name="verify_login" time="1.283"/>
</testsuite> <!-- testCases.TC_002_LoginTest -->
