<?xml version="1.0" encoding="UTF-8"?>
<!-- Generated by org.testng.reporters.JUnitReportReporter -->
<testsuite hostname="DESKTOP-N2PRSIL" failures="0" tests="1" name="testCases.TC_001_AccountRegistrationTest" time="1.960" errors="0" timestamp="2025-02-26T12:56:58 IST" skipped="0">
  <testcase classname="testCases.TC_001_AccountRegistrationTest" name="verify_account_registration" time="1.960"/>
</testsuite> <!-- testCases.TC_001_AccountRegistrationTest -->
