<?xml version="1.0" encoding="UTF-8"?>
<!-- Generated by org.testng.reporters.JUnitReportReporter -->
<testsuite hostname="DESKTOP-N2PRSIL" failures="0" tests="4" name="testCases.TC_005AddAssetTestCases" time="16.401" errors="0" timestamp="2025-02-25T15:41:00 IST" skipped="0">
  <testcase classname="testCases.TC_005AddAssetTestCases" name="LoginPage" time="5.800"/>
  <testcase classname="testCases.TC_005AddAssetTestCases" name="verifyLogin" time="0.004"/>
  <testcase classname="testCases.TC_005AddAssetTestCases" name="NavigatiToAddAssetConfigurationPage" time="8.335"/>
  <testcase classname="testCases.TC_005AddAssetTestCases" name="AddAssetConfigurations" time="2.262"/>
</testsuite> <!-- testCases.TC_005AddAssetTestCases -->
