<?xml version="1.0" encoding="UTF-8"?>
<!-- Generated by org.testng.reporters.JUnitReportReporter -->
<testsuite hostname="DESKTOP-N2PRSIL" failures="0" tests="4" name="testCases.TC_009ApplyLeaveTestCases" time="15.976" errors="0" timestamp="2025-03-04T15:20:22 IST" skipped="0">
  <testcase classname="testCases.TC_009ApplyLeaveTestCases" name="LoginPage" time="10.450"/>
  <testcase classname="testCases.TC_009ApplyLeaveTestCases" name="verifyLogin" time="0.001"/>
  <testcase classname="testCases.TC_009ApplyLeaveTestCases" name="NavigateTotheApplyLeavePage" time="4.392"/>
  <testcase classname="testCases.TC_009ApplyLeaveTestCases" name="ApplyLeave" time="1.133"/>
</testsuite> <!-- testCases.TC_009ApplyLeaveTestCases -->
