<?xml version="1.0" encoding="UTF-8"?>
<!-- Generated by org.testng.reporters.JUnitReportReporter -->
<testsuite hostname="DESKTOP-N2PRSIL" failures="0" tests="4" name="testCases.TC_008AddEmployeeTestCases" time="21.352" errors="0" timestamp="2025-03-04T13:11:22 IST" skipped="0">
  <testcase classname="testCases.TC_008AddEmployeeTestCases" name="LoginPage" time="10.694"/>
  <testcase classname="testCases.TC_008AddEmployeeTestCases" name="verifyLogin" time="0.003"/>
  <testcase classname="testCases.TC_008AddEmployeeTestCases" name="NavigateToAddEmployeePage" time="4.704"/>
  <testcase classname="testCases.TC_008AddEmployeeTestCases" name="AddEmployee" time="5.951"/>
</testsuite> <!-- testCases.TC_008AddEmployeeTestCases -->
