<?xml version="1.0" encoding="UTF-8"?>
<!-- Generated by org.testng.reporters.JUnitReportReporter -->
<testsuite hostname="DESKTOP-N2PRSIL" failures="0" tests="1" name="testCases.TC_001LoginPageTest" time="0.331" errors="0" timestamp="2025-02-22T18:18:43 IST" skipped="0">
  <testcase classname="testCases.TC_001LoginPageTest" name="logincredin" time="0.331"/>
</testsuite> <!-- testCases.TC_001LoginPageTest -->
