<?xml version="1.0" encoding="UTF-8"?>
<!-- Generated by org.testng.reporters.JUnitReportReporter -->
<testsuite hostname="DESKTOP-N2PRSIL" failures="0" tests="4" name="testCases.TC_010AddDepartmentTestCases" time="14.154" errors="0" timestamp="2025-03-07T14:21:33 IST" skipped="0">
  <testcase classname="testCases.TC_010AddDepartmentTestCases" name="LoginPage" time="10.408"/>
  <testcase classname="testCases.TC_010AddDepartmentTestCases" name="verifyLogin" time="0.002"/>
  <testcase classname="testCases.TC_010AddDepartmentTestCases" name="NavigateToaddDeapartmentPage" time="3.638"/>
  <testcase classname="testCases.TC_010AddDepartmentTestCases" name="AddDepartment" time="0.106"/>
</testsuite> <!-- testCases.TC_010AddDepartmentTestCases -->
