<?xml version="1.0" encoding="UTF-8"?>
<!-- Generated by org.testng.reporters.JUnitReportReporter -->
<testsuite hostname="DESKTOP-N2PRSIL" failures="0" tests="2" name="testCases.TC_003MyPayrollLoginTest" time="10.400" errors="0" timestamp="2025-02-24T14:26:15 IST" skipped="0">
  <testcase classname="testCases.TC_003MyPayrollLoginTest" name="LoginPage" time="10.398"/>
  <testcase classname="testCases.TC_003MyPayrollLoginTest" name="verifyLogin" time="0.002"/>
</testsuite> <!-- testCases.TC_003MyPayrollLoginTest -->
