<?xml version="1.0" encoding="UTF-8"?>
<!-- Generated by org.testng.reporters.JUnitReportReporter -->
<testsuite hostname="DESKTOP-N2PRSIL" failures="0" tests="4" name="testCases.TC_011AddDesignationTestCases" time="15.838" errors="0" timestamp="2025-03-08T14:12:47 IST" skipped="0">
  <testcase classname="testCases.TC_011AddDesignationTestCases" name="LoginPage" time="10.426"/>
  <testcase classname="testCases.TC_011AddDesignationTestCases" name="NavigateToAddDesignationPage" time="4.743"/>
  <testcase classname="testCases.TC_011AddDesignationTestCases" name="verifyLogin" time="0.002"/>
  <testcase classname="testCases.TC_011AddDesignationTestCases" name="AddDesignation" time="0.667"/>
</testsuite> <!-- testCases.TC_011AddDesignationTestCases -->
