<?xml version="1.0" encoding="UTF-8"?>
<!-- Generated by org.testng.reporters.JUnitReportReporter -->
<testsuite hostname="DESKTOP-N2PRSIL" failures="0" tests="4" name="testCases.TC_004AddVendorTestCases" time="19.157" errors="0" timestamp="2025-02-24T18:43:40 IST" skipped="0">
  <testcase classname="testCases.TC_004AddVendorTestCases" name="LoginPage" time="10.776"/>
  <testcase classname="testCases.TC_004AddVendorTestCases" name="verifyLogin" time="0.003"/>
  <testcase classname="testCases.TC_004AddVendorTestCases" name="NavigatetoAddVendorPage" time="5.358"/>
  <testcase classname="testCases.TC_004AddVendorTestCases" name="AddVendorDetalis" time="3.020"/>
</testsuite> <!-- testCases.TC_004AddVendorTestCases -->
