<?xml version="1.0" encoding="UTF-8"?>
<!-- Generated by org.testng.reporters.JUnitReportReporter -->
<testsuite hostname="DESKTOP-N2PRSIL" failures="0" tests="3" name="testCases.TC_002AddVendorTestCases" time="27.413" errors="0" timestamp="2025-02-22T11:24:03 IST" skipped="0">
  <testcase classname="testCases.TC_002AddVendorTestCases" name="LoginCre" time="20.603"/>
  <testcase classname="testCases.TC_002AddVendorTestCases" name="NavigatetoAddVendorPage" time="4.346"/>
  <testcase classname="testCases.TC_002AddVendorTestCases" name="AddVendorDetalis" time="2.464"/>
</testsuite> <!-- testCases.TC_002AddVendorTestCases -->
