<?xml version="1.0" encoding="UTF-8"?>
<!-- Generated by org.testng.reporters.JUnitReportReporter -->
<testsuite hostname="DESKTOP-N2PRSIL" failures="0" tests="4" name="testCases.TC_006addAssetTestCases" time="20.192" errors="0" timestamp="2025-02-24T18:43:40 IST" skipped="0">
  <testcase classname="testCases.TC_006addAssetTestCases" name="LoginPage" time="10.781"/>
  <testcase classname="testCases.TC_006addAssetTestCases" name="NavigatiToAddAssetConfigurationPage" time="6.712"/>
  <testcase classname="testCases.TC_006addAssetTestCases" name="verifyLogin" time="0.007"/>
  <testcase classname="testCases.TC_006addAssetTestCases" name="AddAsset" time="2.692"/>
</testsuite> <!-- testCases.TC_006addAssetTestCases -->
